<?xml version="1.0" encoding="UTF-8"?>
<testsuite name="dev.scrulius.superenchanter.gui.anvil.AnvilLogicMockTest" tests="10" skipped="0" failures="0" errors="0" timestamp="2026-06-08T22:17:45" hostname="SCRULIUS" time="0.068">
  <properties/>
  <testcase name="a gate level cap clamps the merged level below the vanilla max" classname="dev.scrulius.superenchanter.gui.anvil.AnvilLogicMockTest" time="0.062"/>
  <testcase name="ALLOW_ALL reproduces the vanilla-only behaviour" classname="dev.scrulius.superenchanter.gui.anvil.AnvilLogicMockTest" time="0.0"/>
  <testcase name="a max-level pair does not exceed the vanilla cap" classname="dev.scrulius.superenchanter.gui.anvil.AnvilLogicMockTest" time="0.0"/>
  <testcase name="adding an enchantment the target lacks" classname="dev.scrulius.superenchanter.gui.anvil.AnvilLogicMockTest" time="0.0"/>
  <testcase name="a gate that rejects an enchantment turns it into a conflict" classname="dev.scrulius.superenchanter.gui.anvil.AnvilLogicMockTest" time="0.0"/>
  <testcase name="two equal-level swords combine into the next level" classname="dev.scrulius.superenchanter.gui.anvil.AnvilLogicMockTest" time="0.001"/>
  <testcase name="the XP cost matches the configured formula" classname="dev.scrulius.superenchanter.gui.anvil.AnvilLogicMockTest" time="0.0"/>
  <testcase name="a conflicting enchantment is rejected, not merged" classname="dev.scrulius.superenchanter.gui.anvil.AnvilLogicMockTest" time="0.001"/>
  <testcase name="an enchanted book sacrifice transfers its stored enchantment" classname="dev.scrulius.superenchanter.gui.anvil.AnvilLogicMockTest" time="0.0"/>
  <testcase name="missing inputs yield the EMPTY result" classname="dev.scrulius.superenchanter.gui.anvil.AnvilLogicMockTest" time="0.001"/>
  <system-out><![CDATA[]]></system-out>
  <system-err><![CDATA[[00:17:45 INFORMACIÓN]: ✔ Hooked into EcoEnchants (required dependency).
[00:17:45 INFORMACIÓN]: ✘ Vault not found (optional).
[00:17:45 INFORMACIÓN]: ✘ PlayerPoints not found (optional).
[00:17:45 INFORMACIÓN]: ✘ MythicMobs not found (optional).
[00:17:45 INFORMACIÓN]: SuperCore ausente — la skill Magia está desactivada.
[00:17:45 INFORMACIÓN]: SuperEnchanter v1.0.0 enabled!
[00:17:45 INFORMACIÓN]: Custom Anvil & Enchanting Table GUIs are active.
]]></system-err>
</testsuite>
