<?xml version="1.0" encoding="UTF-8"?>
<testsuite name="xpCostForLevel" tests="6" skipped="0" failures="0" errors="0" timestamp="2026-06-08T22:17:45" hostname="SCRULIUS" time="0.001">
  <properties/>
  <testcase name="linear curve (exponent 1) with no rarity scaling" classname="dev.scrulius.superenchanter.gui.enchanting.EnchantFormulasTest$XpCostForLevel" time="0.0"/>
  <testcase name="result is rounded, not truncated" classname="dev.scrulius.superenchanter.gui.enchanting.EnchantFormulasTest$XpCostForLevel" time="0.0"/>
  <testcase name="never below 1, even with tiny inputs" classname="dev.scrulius.superenchanter.gui.enchanting.EnchantFormulasTest$XpCostForLevel" time="0.0"/>
  <testcase name="the cap stops the legendary explosion" classname="dev.scrulius.superenchanter.gui.enchanting.EnchantFormulasTest$XpCostForLevel" time="0.0"/>
  <testcase name="rarity multiplier scales the raw cost" classname="dev.scrulius.superenchanter.gui.enchanting.EnchantFormulasTest$XpCostForLevel" time="0.0"/>
  <testcase name="quadratic curve (exponent 2)" classname="dev.scrulius.superenchanter.gui.enchanting.EnchantFormulasTest$XpCostForLevel" time="0.0"/>
  <system-out><![CDATA[]]></system-out>
  <system-err><![CDATA[]]></system-err>
</testsuite>
