<?xml version="1.0" encoding="UTF-8"?>
<testsuite name="available" tests="2" skipped="0" failures="0" errors="0" timestamp="2026-06-08T22:17:45" hostname="SCRULIUS" time="0.001">
  <properties/>
  <testcase name="owned below max (an upgrade) is always NONE, even with blockers present" classname="dev.scrulius.superenchanter.gui.enchanting.EnchantingLogicTest$Available" time="0.001"/>
  <testcase name="new enchant with no blockers is NONE" classname="dev.scrulius.superenchanter.gui.enchanting.EnchantingLogicTest$Available" time="0.0"/>
  <system-out><![CDATA[]]></system-out>
  <system-err><![CDATA[]]></system-err>
</testsuite>
