<?xml version="1.0" encoding="UTF-8"?>
<testsuite name="dev.scrulius.superenchanter.economy.CostServiceMockTest" tests="11" skipped="0" failures="0" errors="0" timestamp="2026-06-08T22:17:45" hostname="SCRULIUS" time="0.185">
  <properties/>
  <testcase name="discount.&lt;n&gt; permission applies an N% discount" classname="dev.scrulius.superenchanter.economy.CostServiceMockTest" time="0.171"/>
  <testcase name="insufficient-funds message key is chosen per currency" classname="dev.scrulius.superenchanter.economy.CostServiceMockTest" time="0.002"/>
  <testcase name="XP affordability compares against the player's level" classname="dev.scrulius.superenchanter.economy.CostServiceMockTest" time="0.002"/>
  <testcase name="XP deduct takes nothing when the player can't pay" classname="dev.scrulius.superenchanter.economy.CostServiceMockTest" time="0.001"/>
  <testcase name="Vault is never affordable or chargeable when the plugin is absent" classname="dev.scrulius.superenchanter.economy.CostServiceMockTest" time="0.001"/>
  <testcase name="the bypass permission makes operations free" classname="dev.scrulius.superenchanter.economy.CostServiceMockTest" time="0.001"/>
  <testcase name="no discount permission → full price" classname="dev.scrulius.superenchanter.economy.CostServiceMockTest" time="0.0"/>
  <testcase name="XP deduct subtracts levels and reports success" classname="dev.scrulius.superenchanter.economy.CostServiceMockTest" time="0.0"/>
  <testcase name="the highest discount permission wins" classname="dev.scrulius.superenchanter.economy.CostServiceMockTest" time="0.001"/>
  <testcase name="XP balance text reflects the current level" classname="dev.scrulius.superenchanter.economy.CostServiceMockTest" time="0.001"/>
  <testcase name="PlayerPoints is never affordable or chargeable when the plugin is absent" classname="dev.scrulius.superenchanter.economy.CostServiceMockTest" time="0.001"/>
  <system-out><![CDATA[]]></system-out>
  <system-err><![CDATA[SLF4J(W): No SLF4J providers were found.
SLF4J(W): Defaulting to no-operation (NOP) logger implementation
SLF4J(W): See https://www.slf4j.org/codes.html#noProviders for further details.
[00:17:45 INFORMACIÓN]: ✔ Hooked into EcoEnchants (required dependency).
[00:17:45 INFORMACIÓN]: ✘ Vault not found (optional).
[00:17:45 INFORMACIÓN]: ✘ PlayerPoints not found (optional).
[00:17:45 INFORMACIÓN]: ✘ MythicMobs not found (optional).
[00:17:45 INFORMACIÓN]: SuperCore ausente — la skill Magia está desactivada.
[00:17:45 INFORMACIÓN]: SuperEnchanter v1.0.0 enabled!
[00:17:45 INFORMACIÓN]: Custom Anvil & Enchanting Table GUIs are active.
]]></system-err>
</testsuite>
