<?xml version="1.0" encoding="UTF-8"?>
<testsuite name="cumulativeCost" tests="7" skipped="0" failures="0" errors="0" timestamp="2026-06-08T22:17:45" hostname="SCRULIUS" time="0.003">
  <properties/>
  <testcase name="the whole path equals the sum of its single steps" classname="dev.scrulius.superenchanter.gui.enchanting.EnchantFormulasTest$CumulativeCost" time="0.001"/>
  <testcase name="upgrading from an existing level only charges the remaining steps" classname="dev.scrulius.superenchanter.gui.enchanting.EnchantFormulasTest$CumulativeCost" time="0.0"/>
  <testcase name="target at or below current level floors at 1 (nothing to charge)" classname="dev.scrulius.superenchanter.gui.enchanting.EnchantFormulasTest$CumulativeCost" time="0.001"/>
  <testcase name="target beyond the array is clamped to available steps" classname="dev.scrulius.superenchanter.gui.enchanting.EnchantFormulasTest$CumulativeCost" time="0.0"/>
  <testcase name="from scratch to level III sums the first three steps" classname="dev.scrulius.superenchanter.gui.enchanting.EnchantFormulasTest$CumulativeCost" time="0.0"/>
  <testcase name="a single step up charges exactly that step" classname="dev.scrulius.superenchanter.gui.enchanting.EnchantFormulasTest$CumulativeCost" time="0.001"/>
  <testcase name="from scratch (level 0) to V sums every step" classname="dev.scrulius.superenchanter.gui.enchanting.EnchantFormulasTest$CumulativeCost" time="0.0"/>
  <system-out><![CDATA[]]></system-out>
  <system-err><![CDATA[]]></system-err>
</testsuite>
