<?xml version="1.0" encoding="UTF-8"?>
<testsuite name="mergeLevel" tests="11" skipped="0" failures="0" errors="0" timestamp="2026-06-08T22:17:45" hostname="SCRULIUS" time="0.01">
  <properties/>
  <testcase name="adding to an item without the enchant (current 0)" classname="dev.scrulius.superenchanter.gui.anvil.AnvilFormulasTest$MergeLevel" time="0.0"/>
  <testcase name="different levels keep the higher one" classname="dev.scrulius.superenchanter.gui.anvil.AnvilFormulasTest$MergeLevel" time="0.001"/>
  <testcase name="equal levels upgrade by one" classname="dev.scrulius.superenchanter.gui.anvil.AnvilFormulasTest$MergeLevel" time="0.0"/>
  <testcase name="current=&quot;0&quot;, sacrifice=&quot;1&quot;, max=&quot;5&quot; -&gt; &quot;1&quot;" classname="dev.scrulius.superenchanter.gui.anvil.AnvilFormulasTest$MergeLevel" time="0.002"/>
  <testcase name="current=&quot;1&quot;, sacrifice=&quot;1&quot;, max=&quot;5&quot; -&gt; &quot;2&quot;" classname="dev.scrulius.superenchanter.gui.anvil.AnvilFormulasTest$MergeLevel" time="0.001"/>
  <testcase name="current=&quot;1&quot;, sacrifice=&quot;2&quot;, max=&quot;5&quot; -&gt; &quot;2&quot;" classname="dev.scrulius.superenchanter.gui.anvil.AnvilFormulasTest$MergeLevel" time="0.001"/>
  <testcase name="current=&quot;4&quot;, sacrifice=&quot;4&quot;, max=&quot;5&quot; -&gt; &quot;5&quot;" classname="dev.scrulius.superenchanter.gui.anvil.AnvilFormulasTest$MergeLevel" time="0.0"/>
  <testcase name="current=&quot;5&quot;, sacrifice=&quot;5&quot;, max=&quot;5&quot; -&gt; &quot;5&quot;" classname="dev.scrulius.superenchanter.gui.anvil.AnvilFormulasTest$MergeLevel" time="0.0"/>
  <testcase name="current=&quot;3&quot;, sacrifice=&quot;1&quot;, max=&quot;3&quot; -&gt; &quot;3&quot;" classname="dev.scrulius.superenchanter.gui.anvil.AnvilFormulasTest$MergeLevel" time="0.0"/>
  <testcase name="equal levels at max stay at max (no over-cap)" classname="dev.scrulius.superenchanter.gui.anvil.AnvilFormulasTest$MergeLevel" time="0.001"/>
  <testcase name="a higher level is never allowed past max" classname="dev.scrulius.superenchanter.gui.anvil.AnvilFormulasTest$MergeLevel" time="0.0"/>
  <system-out><![CDATA[]]></system-out>
  <system-err><![CDATA[]]></system-err>
</testsuite>
